<?xml version="1.0" encoding="UTF-8"?>
<!-- Generated by org.testng.reporters.JUnitReportReporter -->
<testsuite hostname="KNOLSKAPE-L95" failures="0" tests="2" name="webscrapping_mongodb.seleniumWebScrapper.WebscrapTest" time="7.306" errors="0" timestamp="16 Dec 2020 18:52:32 GMT" skipped="0">
  <testcase classname="webscrapping_mongodb.seleniumWebScrapper.WebscrapTest" name="webScrapper" time="4.936"/>
  <testcase classname="webscrapping_mongodb.seleniumWebScrapper.WebscrapTest" name="webScrapper" time="2.370"/>
</testsuite> <!-- webscrapping_mongodb.seleniumWebScrapper.WebscrapTest -->
